2026-04-06T12:36:48.517Z	Initializing build environment...
2026-04-06T12:36:51.772Z	Success: Finished initializing build environment
2026-04-06T12:36:52.496Z	Cloning repository...
2026-04-06T12:36:53.672Z	Detected the following tools from environment: npm@10.9.2, nodejs@22.16.0
2026-04-06T12:36:53.676Z	Restoring from dependencies cache
2026-04-06T12:36:53.678Z	Restoring from build output cache
2026-04-06T12:36:53.823Z	Installing project dependencies: npm clean-install --progress=false
2026-04-06T12:37:08.290Z	
2026-04-06T12:37:08.290Z	added 199 packages, and audited 200 packages in 14s
2026-04-06T12:37:08.291Z	
2026-04-06T12:37:08.292Z	25 packages are looking for funding
2026-04-06T12:37:08.294Z	  run `npm fund` for details
2026-04-06T12:37:08.294Z	
2026-04-06T12:37:08.295Z	1 high severity vulnerability
2026-04-06T12:37:08.295Z	
2026-04-06T12:37:08.295Z	To address all issues, run:
2026-04-06T12:37:08.295Z	  npm audit fix
2026-04-06T12:37:08.295Z	
2026-04-06T12:37:08.295Z	Run `npm audit` for details.
2026-04-06T12:37:08.549Z	Executing user build command: npm run build
2026-04-06T12:37:08.792Z	
2026-04-06T12:37:08.792Z	> lantian-project@0.1.0 build
2026-04-06T12:37:08.792Z	> next build
2026-04-06T12:37:08.792Z	
2026-04-06T12:37:09.192Z	⚠ No build cache found. Please configure build caching for faster rebuilds. Read more: https://nextjs.org/docs/messages/no-cache
2026-04-06T12:37:09.195Z	Attention: Next.js now collects completely anonymous telemetry regarding usage.
2026-04-06T12:37:09.196Z	This information is used to shape Next.js' roadmap and prioritize features.
2026-04-06T12:37:09.196Z	You can learn more, including how to opt-out if you'd not like to participate in this anonymous program, by visiting the following URL:
2026-04-06T12:37:09.196Z	https://nextjs.org/telemetry
2026-04-06T12:37:09.196Z	
2026-04-06T12:37:09.224Z	▲ Next.js 16.2.2 (Turbopack)
2026-04-06T12:37:09.225Z	
2026-04-06T12:37:09.293Z	  Creating an optimized production build ...
2026-04-06T12:37:15.914Z	✓ Compiled successfully in 6.4s
2026-04-06T12:37:15.920Z	  Skipping validation of types
2026-04-06T12:37:15.927Z	
2026-04-06T12:37:15.927Z	  We detected TypeScript in your project and reconfigured your tsconfig.json file for you.
2026-04-06T12:37:15.927Z	  The following suggested values were added to your tsconfig.json. These values can be changed to fit your project's needs:
2026-04-06T12:37:15.927Z	
2026-04-06T12:37:15.928Z	  	- include was updated to add '.next/dev/types/**/*.ts'
2026-04-06T12:37:15.928Z	
2026-04-06T12:37:15.929Z	  Finished TypeScript config validation in 8ms ...
2026-04-06T12:37:15.931Z	  Collecting page data using 1 worker ...
2026-04-06T12:37:16.374Z	  Generating static pages using 1 worker (0/5) ...
2026-04-06T12:37:16.591Z	  Generating static pages using 1 worker (1/5) 
2026-04-06T12:37:16.592Z	  Generating static pages using 1 worker (2/5) 
2026-04-06T12:37:16.592Z	  Generating static pages using 1 worker (3/5) 
2026-04-06T12:37:16.592Z	✓ Generating static pages using 1 worker (5/5) in 218ms
2026-04-06T12:37:16.598Z	  Finalizing page optimization ...
2026-04-06T12:37:16.800Z	
2026-04-06T12:37:16.802Z	Route (app)
2026-04-06T12:37:16.802Z	┌ ○ /
2026-04-06T12:37:16.802Z	├ ○ /_not-found
2026-04-06T12:37:16.802Z	├ ○ /login
2026-04-06T12:37:16.803Z	└ ○ /signup
2026-04-06T12:37:16.803Z	
2026-04-06T12:37:16.803Z	
2026-04-06T12:37:16.803Z	○  (Static)  prerendered as static content
2026-04-06T12:37:16.803Z	
2026-04-06T12:37:16.861Z	Success: Build command completed
2026-04-06T12:36:48.517Z	Initializing build environment...
2026-04-06T12:36:51.772Z	Success: Finished initializing build environment
2026-04-06T12:36:52.496Z	Cloning repository...
2026-04-06T12:36:53.672Z	Detected the following tools from environment: npm@10.9.2, nodejs@22.16.0
2026-04-06T12:36:53.676Z	Restoring from dependencies cache
2026-04-06T12:36:53.678Z	Restoring from build output cache
2026-04-06T12:36:53.823Z	Installing project dependencies: npm clean-install --progress=false
2026-04-06T12:37:08.290Z	
2026-04-06T12:37:08.290Z	added 199 packages, and audited 200 packages in 14s
2026-04-06T12:37:08.291Z	
2026-04-06T12:37:08.292Z	25 packages are looking for funding
2026-04-06T12:37:08.294Z	  run `npm fund` for details
2026-04-06T12:37:08.294Z	
2026-04-06T12:37:08.295Z	1 high severity vulnerability
2026-04-06T12:37:08.295Z	
2026-04-06T12:37:08.295Z	To address all issues, run:
2026-04-06T12:37:08.295Z	  npm audit fix
2026-04-06T12:37:08.295Z	
2026-04-06T12:37:08.295Z	Run `npm audit` for details.
2026-04-06T12:37:08.549Z	Executing user build command: npm run build
2026-04-06T12:37:08.792Z	
2026-04-06T12:37:08.792Z	> lantian-project@0.1.0 build
2026-04-06T12:37:08.792Z	> next build
2026-04-06T12:37:08.792Z	
2026-04-06T12:37:09.192Z	⚠ No build cache found. Please configure build caching for faster rebuilds. Read more: https://nextjs.org/docs/messages/no-cache
2026-04-06T12:37:09.195Z	Attention: Next.js now collects completely anonymous telemetry regarding usage.
2026-04-06T12:37:09.196Z	This information is used to shape Next.js' roadmap and prioritize features.
2026-04-06T12:37:09.196Z	You can learn more, including how to opt-out if you'd not like to participate in this anonymous program, by visiting the following URL:
2026-04-06T12:37:09.196Z	https://nextjs.org/telemetry
2026-04-06T12:37:09.196Z	
2026-04-06T12:37:09.224Z	▲ Next.js 16.2.2 (Turbopack)
2026-04-06T12:37:09.225Z	
2026-04-06T12:37:09.293Z	  Creating an optimized production build ...
2026-04-06T12:37:15.914Z	✓ Compiled successfully in 6.4s
2026-04-06T12:37:15.920Z	  Skipping validation of types
2026-04-06T12:37:15.927Z	
2026-04-06T12:37:15.927Z	  We detected TypeScript in your project and reconfigured your tsconfig.json file for you.
2026-04-06T12:37:15.927Z	  The following suggested values were added to your tsconfig.json. These values can be changed to fit your project's needs:
2026-04-06T12:37:15.927Z	
2026-04-06T12:37:15.928Z	  	- include was updated to add '.next/dev/types/**/*.ts'
2026-04-06T12:37:15.928Z	
2026-04-06T12:37:15.929Z	  Finished TypeScript config validation in 8ms ...
2026-04-06T12:37:15.931Z	  Collecting page data using 1 worker ...
2026-04-06T12:37:16.374Z	  Generating static pages using 1 worker (0/5) ...
2026-04-06T12:37:16.591Z	  Generating static pages using 1 worker (1/5) 
2026-04-06T12:37:16.592Z	  Generating static pages using 1 worker (2/5) 
2026-04-06T12:37:16.592Z	  Generating static pages using 1 worker (3/5) 
2026-04-06T12:37:16.592Z	✓ Generating static pages using 1 worker (5/5) in 218ms
2026-04-06T12:37:16.598Z	  Finalizing page optimization ...
2026-04-06T12:37:16.800Z	
2026-04-06T12:37:16.802Z	Route (app)
2026-04-06T12:37:16.802Z	┌ ○ /
2026-04-06T12:37:16.802Z	├ ○ /_not-found
2026-04-06T12:37:16.802Z	├ ○ /login
2026-04-06T12:37:16.803Z	└ ○ /signup
2026-04-06T12:37:16.803Z	
2026-04-06T12:37:16.803Z	
2026-04-06T12:37:16.803Z	○  (Static)  prerendered as static content
2026-04-06T12:37:16.803Z	
2026-04-06T12:37:16.861Z	Success: Build command completed
2026-04-06T12:37:17.825Z	Executing user deploy command: npx wrangler deploy
2026-04-06T12:37:18.954Z	npm warn exec The following package was not found and will be installed: wrangler@4.80.0
2026-04-06T12:37:28.695Z	
2026-04-06T12:37:28.695Z	 ⛅️ wrangler 4.80.0
2026-04-06T12:37:28.695Z	───────────────────
2026-04-06T12:37:28.822Z	
2026-04-06T12:37:28.828Z	Detected Project Settings:
2026-04-06T12:37:28.828Z	 - Worker Name: lantian-v3-site
2026-04-06T12:37:28.829Z	 - Framework: Next.js
2026-04-06T12:37:28.829Z	 - Build Command: npm run build
2026-04-06T12:37:28.829Z	 - Output Directory: .next
2026-04-06T12:37:28.829Z	
2026-04-06T12:37:28.829Z	? Do you want to modify these settings?
2026-04-06T12:37:28.829Z	🤖 Using fallback value in non-interactive context: no
2026-04-06T12:37:28.829Z	
2026-04-06T12:37:28.829Z	📦 Install packages:
2026-04-06T12:37:28.829Z	 - wrangler (devDependency)
2026-04-06T12:37:28.829Z	
2026-04-06T12:37:28.830Z	📝 Update package.json scripts:
2026-04-06T12:37:28.830Z	 - "deploy": "opennextjs-cloudflare build && opennextjs-cloudflare deploy"
2026-04-06T12:37:28.830Z	 - "preview": "opennextjs-cloudflare build && opennextjs-cloudflare preview"
2026-04-06T12:37:28.830Z	
2026-04-06T12:37:28.830Z	📄 Create wrangler.jsonc:
2026-04-06T12:37:28.830Z	  {
2026-04-06T12:37:28.830Z	    "$schema": "node_modules/wrangler/config-schema.json",
2026-04-06T12:37:28.830Z	    "name": "lantian-v3-site",
2026-04-06T12:37:28.830Z	    "compatibility_date": "2026-04-06",
2026-04-06T12:37:28.830Z	    "observability": {
2026-04-06T12:37:28.830Z	      "enabled": true
2026-04-06T12:37:28.830Z	    },
2026-04-06T12:37:28.830Z	    "compatibility_flags": [
2026-04-06T12:37:28.830Z	      "nodejs_compat"
2026-04-06T12:37:28.830Z	    ]
2026-04-06T12:37:28.830Z	  }
2026-04-06T12:37:28.830Z	
2026-04-06T12:37:28.830Z	🛠️  Configuring project for Next.js with OpenNext by running `@opennextjs/cloudflare migrate`
2026-04-06T12:37:28.830Z	
2026-04-06T12:37:28.830Z	? Proceed with setup?
2026-04-06T12:37:28.830Z	🤖 Using fallback value in non-interactive context: yes
2026-04-06T12:37:33.042Z	npm warn exec The following package was not found and will be installed: @opennextjs/cloudflare@1.18.0
2026-04-06T12:37:52.011Z	npm warn deprecated node-domexception@1.0.0: Use your platform's native DOMException instead
2026-04-06T12:37:52.470Z	npm warn deprecated glob@9.3.5: Old versions of glob are not supported, and contain widely publicized security vulnerabilities, which have been fixed in the current version. Please update. Support for old versions may be purchased (at exorbitant rates) by contacting i@izs.me
2026-04-06T12:38:01.128Z	
2026-04-06T12:38:01.128Z	┌───────────────────────────────┐
2026-04-06T12:38:01.128Z	│ OpenNext — Cloudflare migrate │
2026-04-06T12:38:01.128Z	└───────────────────────────────┘
2026-04-06T12:38:01.128Z	
2026-04-06T12:38:01.128Z	🚀 Setting up the OpenNext Cloudflare adapter...
2026-04-06T12:38:01.128Z	
2026-04-06T12:38:01.138Z	⚙️  Installing dependencies...
2026-04-06T12:38:01.138Z	
2026-04-06T12:38:01.277Z	npm warn using --force Recommended protections disabled.
2026-04-06T12:38:07.318Z	npm warn deprecated node-domexception@1.0.0: Use your platform's native DOMException instead
2026-04-06T12:38:07.514Z	npm warn deprecated glob@9.3.5: Old versions of glob are not supported, and contain widely publicized security vulnerabilities, which have been fixed in the current version. Please update. Support for old versions may be purchased (at exorbitant rates) by contacting i@izs.me
2026-04-06T12:38:09.586Z	
2026-04-06T12:38:09.587Z	added 304 packages, and audited 531 packages in 8s
2026-04-06T12:38:09.587Z	
2026-04-06T12:38:09.587Z	85 packages are looking for funding
2026-04-06T12:38:09.587Z	  run `npm fund` for details
2026-04-06T12:38:09.587Z	
2026-04-06T12:38:09.588Z	1 high severity vulnerability
2026-04-06T12:38:09.588Z	
2026-04-06T12:38:09.588Z	To address all issues, run:
2026-04-06T12:38:09.588Z	  npm audit fix
2026-04-06T12:38:09.588Z	
2026-04-06T12:38:09.588Z	Run `npm audit` for details.
2026-04-06T12:38:09.760Z	npm warn using --force Recommended protections disabled.
2026-04-06T12:38:11.278Z	
2026-04-06T12:38:11.278Z	added 1 package, and audited 532 packages in 2s
2026-04-06T12:38:11.278Z	
2026-04-06T12:38:11.278Z	85 packages are looking for funding
2026-04-06T12:38:11.278Z	  run `npm fund` for details
2026-04-06T12:38:11.281Z	
2026-04-06T12:38:11.281Z	1 high severity vulnerability
2026-04-06T12:38:11.282Z	
2026-04-06T12:38:11.282Z	To address all issues, run:
2026-04-06T12:38:11.282Z	  npm audit fix
2026-04-06T12:38:11.282Z	
2026-04-06T12:38:11.282Z	Run `npm audit` for details.
2026-04-06T12:38:11.305Z	⚙️  Creating wrangler.jsonc...
2026-04-06T12:38:11.305Z	
2026-04-06T12:38:13.763Z	⚙️  Creating open-next.config.ts...
2026-04-06T12:38:13.763Z	
2026-04-06T12:38:13.763Z	⚙️  Creating .dev.vars file...
2026-04-06T12:38:13.763Z	
2026-04-06T12:38:13.763Z	⚙️  Creating public/_headers file...
2026-04-06T12:38:13.763Z	
2026-04-06T12:38:13.763Z	⚙️  Updating package.json scripts...
2026-04-06T12:38:13.764Z	
2026-04-06T12:38:13.764Z	⚙️  Updating .gitignore file...
2026-04-06T12:38:13.764Z	
2026-04-06T12:38:13.764Z	⚙️  Updating Next.js config...
2026-04-06T12:38:13.764Z	
2026-04-06T12:38:13.764Z	⚙️  Checking for edge runtime usage...
2026-04-06T12:38:13.764Z	
2026-04-06T12:38:13.767Z	🎉 OpenNext Cloudflare adapter complete!
2026-04-06T12:38:13.767Z	
2026-04-06T12:38:13.767Z	Next steps:
2026-04-06T12:38:13.767Z	- Run: "npm run preview" to build and preview your Cloudflare application locally
2026-04-06T12:38:13.767Z	- Run: "npm run deploy" to deploy your application to Cloudflare Workers
2026-04-06T12:38:13.767Z	
2026-04-06T12:38:13.876Z	├ Adding Wrangler files to the .gitignore file
2026-04-06T12:38:13.877Z	│ updated .gitignore file
2026-04-06T12:38:13.877Z	│
2026-04-06T12:38:13.877Z	[build] Running: npx opennextjs-cloudflare build
2026-04-06T12:38:15.842Z	[build] 
2026-04-06T12:38:15.842Z	[build] ┌─────────────────────────────┐
2026-04-06T12:38:15.842Z	[build] │ OpenNext — Cloudflare build │
2026-04-06T12:38:15.848Z	[build] └─────────────────────────────┘
2026-04-06T12:38:15.848Z	[build] 
2026-04-06T12:38:15.848Z	[build] 
2026-04-06T12:38:15.951Z	[build] App directory: /opt/buildhome/repo
2026-04-06T12:38:15.956Z	[build] 
2026-04-06T12:38:15.956Z	[build] Next.js version : 16.2.2
2026-04-06T12:38:15.956Z	[build] 
2026-04-06T12:38:15.956Z	[build] @opennextjs/cloudflare version: 1.18.0
2026-04-06T12:38:15.957Z	[build] 
2026-04-06T12:38:15.957Z	[build] @opennextjs/aws version: 3.9.16
2026-04-06T12:38:15.957Z	[build] 
2026-04-06T12:38:15.957Z	[build] 
2026-04-06T12:38:15.957Z	[build] ┌─────────────────────────────────┐
2026-04-06T12:38:15.957Z	[build] │ OpenNext — Building Next.js app │
2026-04-06T12:38:15.957Z	[build] └─────────────────────────────────┘
2026-04-06T12:38:15.958Z	[build] 
2026-04-06T12:38:15.958Z	[build] 
2026-04-06T12:38:16.129Z	[build] 
2026-04-06T12:38:16.129Z	[build] > lantian-project@0.1.0 build
2026-04-06T12:38:16.129Z	[build] > next build
2026-04-06T12:38:16.129Z	[build] 
2026-04-06T12:38:16.129Z	[build] 
2026-04-06T12:38:16.600Z	[build] ▲ Next.js 16.2.2 (Turbopack)
2026-04-06T12:38:16.600Z	[build] 
2026-04-06T12:38:16.601Z	[build] 
2026-04-06T12:38:16.601Z	[build] 
2026-04-06T12:38:16.689Z	[build]   Creating an optimized production build ...
2026-04-06T12:38:16.689Z	[build] 
2026-04-06T12:38:17.593Z	[build] Using secrets defined in .dev.vars
2026-04-06T12:38:17.593Z	[build] 
2026-04-06T12:38:23.976Z	[build] ✓ Compiled successfully in 6.1s
2026-04-06T12:38:23.976Z	[build] 
2026-04-06T12:38:23.996Z	[build]   Skipping validation of types
2026-04-06T12:38:23.997Z	[build] 
2026-04-06T12:38:24.006Z	[build]   Finished TypeScript config validation in 12ms ...
2026-04-06T12:38:24.006Z	[build] 
2026-04-06T12:38:24.018Z	[build]   Collecting page data using 1 worker ...
2026-04-06T12:38:24.018Z	[build] 
2026-04-06T12:38:24.377Z	[build]   Generating static pages using 1 worker (0/5) ...
2026-04-06T12:38:24.378Z	[build] 
2026-04-06T12:38:24.623Z	[build]   Generating static pages using 1 worker (1/5) 
2026-04-06T12:38:24.623Z	[build]   Generating static pages using 1 worker (2/5) 
2026-04-06T12:38:24.624Z	[build]   Generating static pages using 1 worker (3/5) 
2026-04-06T12:38:24.625Z	[build] ✓ Generating static pages using 1 worker (5/5) in 245ms
2026-04-06T12:38:24.625Z	[build] 
2026-04-06T12:38:24.630Z	[build]   Finalizing page optimization ...
2026-04-06T12:38:24.630Z	[build] 
2026-04-06T12:38:24.819Z	[build] 
2026-04-06T12:38:24.819Z	[build] 
2026-04-06T12:38:24.822Z	[build] Route (app)
2026-04-06T12:38:24.822Z	[build] ┌ ○ /
2026-04-06T12:38:24.822Z	[build] ├ ○ /_not-found
2026-04-06T12:38:24.823Z	[build] ├ ○ /login
2026-04-06T12:38:24.823Z	[build] └ ○ /signup
2026-04-06T12:38:24.823Z	[build] 
2026-04-06T12:38:24.823Z	[build] 
2026-04-06T12:38:24.823Z	[build] ○  (Static)  prerendered as static content
2026-04-06T12:38:24.823Z	[build] 
2026-04-06T12:38:24.823Z	[build] 
2026-04-06T12:38:24.900Z	[build] 
2026-04-06T12:38:24.902Z	[build] ┌──────────────────────────────┐
2026-04-06T12:38:24.903Z	[build] │ OpenNext — Generating bundle │
2026-04-06T12:38:24.903Z	[build] └──────────────────────────────┘
2026-04-06T12:38:24.903Z	[build] 
2026-04-06T12:38:24.907Z	[build] 
2026-04-06T12:38:24.943Z	[build] Bundling middleware function...
2026-04-06T12:38:24.943Z	[build] 
2026-04-06T12:38:24.987Z	[build] Bundling static assets...
2026-04-06T12:38:24.987Z	[build] 
2026-04-06T12:38:25.026Z	[build] Bundling cache assets...
2026-04-06T12:38:25.026Z	[build] 
2026-04-06T12:38:25.030Z	[build] node:fs:442
2026-04-06T12:38:25.030Z	[build]     return binding.readFileUtf8(path, stringToFlags(options.flag));
2026-04-06T12:38:25.030Z	[build]                    ^
2026-04-06T12:38:25.030Z	[build] 
2026-04-06T12:38:25.030Z	[build] Error: ENOENT: no such file or directory, open '/opt/buildhome/repo/.next/standalone/.next/server/pages-manifest.json'
2026-04-06T12:38:25.030Z	[build]     at Object.readFileSync (node:fs:442:20)
2026-04-06T12:38:25.030Z	[build]     at Module.getHtmlPages (file:///opt/buildhome/repo/node_modules/@opennextjs/aws/dist/build/helper.js:191:25)
2026-04-06T12:38:25.031Z	[build]     at createCacheAssets (file:///opt/buildhome/repo/node_modules/@opennextjs/aws/dist/build/createAssets.js:72:35)
2026-04-06T12:38:25.031Z	[build]     at build (file:///opt/buildhome/repo/node_modules/@opennextjs/cloudflare/dist/cli/build/build.js:69:44)
2026-04-06T12:38:25.031Z	[build]     at process.processTicksAndRejections (node:internal/process/task_queues:105:5)
2026-04-06T12:38:25.031Z	[build]     at async buildCommand (file:///opt/buildhome/repo/node_modules/@opennextjs/cloudflare/dist/cli/commands/build.js:33:5) {
2026-04-06T12:38:25.031Z	[build]   errno: -2,
2026-04-06T12:38:25.031Z	[build]   code: 'ENOENT',
2026-04-06T12:38:25.031Z	[build]   syscall: 'open',
2026-04-06T12:38:25.031Z	[build]   path: '/opt/buildhome/repo/.next/standalone/.next/server/pages-manifest.json'
2026-04-06T12:38:25.031Z	[build] }
2026-04-06T12:38:25.031Z	[build] 
2026-04-06T12:38:25.031Z	[build] Node.js v22.16.0
2026-04-06T12:38:25.031Z	[build] 
2026-04-06T12:38:25.150Z	✘ [ERROR] Error: Command failed with exit code 1: npx opennextjs-cloudflare build
2026-04-06T12:38:25.150Z	
2026-04-06T12:38:25.150Z	  node:fs:442
2026-04-06T12:38:25.150Z	      return binding.readFileUtf8(path, stringToFlags(options.flag));
2026-04-06T12:38:25.150Z	                     ^
2026-04-06T12:38:25.150Z	  
2026-04-06T12:38:25.150Z	  Error: ENOENT: no such file or directory, open '/opt/buildhome/repo/.next/standalone/.next/server/pages-manifest.json'
2026-04-06T12:38:25.150Z	      at Object.readFileSync (node:fs:442:20)
2026-04-06T12:38:25.150Z	      at Module.getHtmlPages (file:///opt/buildhome/repo/node_modules/@opennextjs/aws/dist/build/helper.js:191:25)
2026-04-06T12:38:25.150Z	      at createCacheAssets (file:///opt/buildhome/repo/node_modules/@opennextjs/aws/dist/build/createAssets.js:72:35)
2026-04-06T12:38:25.150Z	      at build (file:///opt/buildhome/repo/node_modules/@opennextjs/cloudflare/dist/cli/build/build.js:69:44)
2026-04-06T12:38:25.150Z	      at process.processTicksAndRejections (node:internal/process/task_queues:105:5)
2026-04-06T12:38:25.150Z	      at async buildCommand (file:///opt/buildhome/repo/node_modules/@opennextjs/cloudflare/dist/cli/commands/build.js:33:5) {
2026-04-06T12:38:25.151Z	    errno: -2,
2026-04-06T12:38:25.151Z	    code: 'ENOENT',
2026-04-06T12:38:25.151Z	    syscall: 'open',
2026-04-06T12:38:25.151Z	    path: '/opt/buildhome/repo/.next/standalone/.next/server/pages-manifest.json'
2026-04-06T12:38:25.151Z	  }
2026-04-06T12:38:25.151Z	  
2026-04-06T12:38:25.151Z	  Node.js v22.16.0
2026-04-06T12:38:25.151Z	  
2026-04-06T12:38:25.151Z	  ┌─────────────────────────────┐
2026-04-06T12:38:25.151Z	  │ OpenNext — Cloudflare build │
2026-04-06T12:38:25.151Z	  └─────────────────────────────┘
2026-04-06T12:38:25.151Z	  
2026-04-06T12:38:25.151Z	  App directory: /opt/buildhome/repo
2026-04-06T12:38:25.151Z	  Next.js version : 16.2.2
2026-04-06T12:38:25.151Z	  @opennextjs/cloudflare version: 1.18.0
2026-04-06T12:38:25.151Z	  @opennextjs/aws version: 3.9.16
2026-04-06T12:38:25.151Z	  
2026-04-06T12:38:25.151Z	  ┌─────────────────────────────────┐
2026-04-06T12:38:25.152Z	  │ OpenNext — Building Next.js app │
2026-04-06T12:38:25.152Z	  └─────────────────────────────────┘
2026-04-06T12:38:25.152Z	  
2026-04-06T12:38:25.152Z	  
2026-04-06T12:38:25.152Z	  > lantian-project@0.1.0 build
2026-04-06T12:38:25.152Z	  > next build
2026-04-06T12:38:25.152Z	  
2026-04-06T12:38:25.152Z	  ▲ Next.js 16.2.2 (Turbopack)
2026-04-06T12:38:25.152Z	  
2026-04-06T12:38:25.152Z	    Creating an optimized production build ...
2026-04-06T12:38:25.152Z	  Using secrets defined in .dev.vars
2026-04-06T12:38:25.152Z	  ✓ Compiled successfully in 6.1s
2026-04-06T12:38:25.153Z	    Skipping validation of types
2026-04-06T12:38:25.153Z	    Finished TypeScript config validation in 12ms ...
2026-04-06T12:38:25.153Z	    Collecting page data using 1 worker ...
2026-04-06T12:38:25.153Z	    Generating static pages using 1 worker (0/5) ...
2026-04-06T12:38:25.153Z	    Generating static pages using 1 worker (1/5) 
2026-04-06T12:38:25.153Z	    Generating static pages using 1 worker (2/5) 
2026-04-06T12:38:25.153Z	    Generating static pages using 1 worker (3/5) 
2026-04-06T12:38:25.153Z	  ✓ Generating static pages using 1 worker (5/5) in 245ms
2026-04-06T12:38:25.153Z	    Finalizing page optimization ...
2026-04-06T12:38:25.153Z	  
2026-04-06T12:38:25.153Z	  Route (app)
2026-04-06T12:38:25.153Z	  ┌ ○ /
2026-04-06T12:38:25.154Z	  ├ ○ /_not-found
2026-04-06T12:38:25.154Z	  ├ ○ /login
2026-04-06T12:38:25.154Z	  └ ○ /signup
2026-04-06T12:38:25.154Z	  
2026-04-06T12:38:25.154Z	  
2026-04-06T12:38:25.154Z	  ○  (Static)  prerendered as static content
2026-04-06T12:38:25.154Z	  
2026-04-06T12:38:25.154Z	  
2026-04-06T12:38:25.154Z	  ┌──────────────────────────────┐
2026-04-06T12:38:25.154Z	  │ OpenNext — Generating bundle │
2026-04-06T12:38:25.154Z	  └──────────────────────────────┘
2026-04-06T12:38:25.154Z	  
2026-04-06T12:38:25.155Z	  Bundling middleware function...
2026-04-06T12:38:25.155Z	  Bundling static assets...
2026-04-06T12:38:25.155Z	  Bundling cache assets...
2026-04-06T12:38:25.155Z	      at makeError (/opt/buildhome/.npm/_npx/32026684e21afda6/node_modules/wrangler/wrangler-dist/cli.js:133213:18)
2026-04-06T12:38:25.155Z	      at handlePromise (/opt/buildhome/.npm/_npx/32026684e21afda6/node_modules/wrangler/wrangler-dist/cli.js:133680:29)
2026-04-06T12:38:25.155Z	      at process.processTicksAndRejections (node:internal/process/task_queues:105:5)
2026-04-06T12:38:25.155Z	      at async runCommand (/opt/buildhome/.npm/_npx/32026684e21afda6/node_modules/wrangler/wrangler-dist/cli.js:133877:5)
2026-04-06T12:38:25.155Z	      at async runAutoConfig (/opt/buildhome/.npm/_npx/32026684e21afda6/node_modules/wrangler/wrangler-dist/cli.js:230723:7)
2026-04-06T12:38:25.156Z	      at async Object.handler (/opt/buildhome/.npm/_npx/32026684e21afda6/node_modules/wrangler/wrangler-dist/cli.js:232021:41)
2026-04-06T12:38:25.156Z	      at async /opt/buildhome/.npm/_npx/32026684e21afda6/node_modules/wrangler/wrangler-dist/cli.js:180800:26
2026-04-06T12:38:25.156Z	      at async Object.handler (/opt/buildhome/.npm/_npx/32026684e21afda6/node_modules/wrangler/wrangler-dist/cli.js:180749:7) {
2026-04-06T12:38:25.156Z	    shortMessage: 'Command failed with exit code 1: npx opennextjs-cloudflare build',
2026-04-06T12:38:25.156Z	    command: 'npx opennextjs-cloudflare build',
2026-04-06T12:38:25.156Z	    escapedCommand: 'npx opennextjs-cloudflare build',
2026-04-06T12:38:25.156Z	    exitCode: 1,
2026-04-06T12:38:25.156Z	    signal: undefined,
2026-04-06T12:38:25.156Z	    signalDescription: undefined,
2026-04-06T12:38:25.156Z	    stdout: '\n' +
2026-04-06T12:38:25.156Z	      '┌─────────────────────────────┐\n' +
2026-04-06T12:38:25.156Z	      '│ OpenNext — Cloudflare build │\n' +
2026-04-06T12:38:25.156Z	      '└─────────────────────────────┘\n' +
2026-04-06T12:38:25.156Z	      '\n' +
2026-04-06T12:38:25.156Z	      'App directory: /opt/buildhome/repo\n' +
2026-04-06T12:38:25.156Z	      'Next.js version : 16.2.2\n' +
2026-04-06T12:38:25.156Z	      '@opennextjs/cloudflare version: 1.18.0\n' +
2026-04-06T12:38:25.157Z	      '@opennextjs/aws version: 3.9.16\n' +
2026-04-06T12:38:25.157Z	      '\n' +
2026-04-06T12:38:25.157Z	      '┌─────────────────────────────────┐\n' +
2026-04-06T12:38:25.157Z	      '│ OpenNext — Building Next.js app │\n' +
2026-04-06T12:38:25.157Z	      '└─────────────────────────────────┘\n' +
2026-04-06T12:38:25.157Z	      '\n' +
2026-04-06T12:38:25.157Z	      '\n' +
2026-04-06T12:38:25.157Z	      '> lantian-project@0.1.0 build\n' +
2026-04-06T12:38:25.157Z	      '> next build\n' +
2026-04-06T12:38:25.157Z	      '\n' +
2026-04-06T12:38:25.157Z	      '▲ Next.js 16.2.2 (Turbopack)\n' +
2026-04-06T12:38:25.157Z	      '\n' +
2026-04-06T12:38:25.157Z	      '  Creating an optimized production build ...\n' +
2026-04-06T12:38:25.157Z	      'Using secrets defined in .dev.vars\n' +
2026-04-06T12:38:25.157Z	      '✓ Compiled successfully in 6.1s\n' +
2026-04-06T12:38:25.158Z	      '  Skipping validation of types\n' +
2026-04-06T12:38:25.158Z	      '  Finished TypeScript config validation in 12ms ...\n' +
2026-04-06T12:38:25.158Z	      '  Collecting page data using 1 worker ...\n' +
2026-04-06T12:38:25.158Z	      '  Generating static pages using 1 worker (0/5) ...\n' +
2026-04-06T12:38:25.158Z	      '  Generating static pages using 1 worker (1/5) \r\n' +
2026-04-06T12:38:25.158Z	      '  Generating static pages using 1 worker (2/5) \r\n' +
2026-04-06T12:38:25.158Z	      '  Generating static pages using 1 worker (3/5) \r\n' +
2026-04-06T12:38:25.158Z	      '✓ Generating static pages using 1 worker (5/5) in 245ms\n' +
2026-04-06T12:38:25.158Z	      '  Finalizing page optimization ...\n' +
2026-04-06T12:38:25.159Z	      '\n' +
2026-04-06T12:38:25.159Z	      'Route (app)\n' +
2026-04-06T12:38:25.159Z	      '┌ ○ /\n' +
2026-04-06T12:38:25.159Z	      '├ ○ /_not-found\n' +
2026-04-06T12:38:25.159Z	      '├ ○ /login\n' +
2026-04-06T12:38:25.159Z	      '└ ○ /signup\n' +
2026-04-06T12:38:25.159Z	      '\n' +
2026-04-06T12:38:25.159Z	      '\n' +
2026-04-06T12:38:25.159Z	      '○  (Static)  prerendered as static content\n' +
2026-04-06T12:38:25.159Z	      '\n' +
2026-04-06T12:38:25.159Z	      '\n' +
2026-04-06T12:38:25.159Z	      '┌──────────────────────────────┐\n' +
2026-04-06T12:38:25.159Z	      '│ OpenNext — Generating bundle │\n' +
2026-04-06T12:38:25.159Z	      '└──────────────────────────────┘\n' +
2026-04-06T12:38:25.159Z	      '\n' +
2026-04-06T12:38:25.160Z	      'Bundling middleware function...\n' +
2026-04-06T12:38:25.160Z	      'Bundling static assets...\n' +
2026-04-06T12:38:25.160Z	      'Bundling cache assets...',
2026-04-06T12:38:25.160Z	    stderr: 'node:fs:442\n' +
2026-04-06T12:38:25.160Z	      '    return binding.readFileUtf8(path, stringToFlags(options.flag));\n' +
2026-04-06T12:38:25.160Z	      '                   ^\n' +
2026-04-06T12:38:25.161Z	      '\n' +
2026-04-06T12:38:25.161Z	      "Error: ENOENT: no such file or directory, open '/opt/buildhome/repo/.next/standalone/.next/server/pages-manifest.json'\n" +
2026-04-06T12:38:25.161Z	      '    at Object.readFileSync (node:fs:442:20)\n' +
2026-04-06T12:38:25.162Z	      '    at Module.getHtmlPages (file:///opt/buildhome/repo/node_modules/@opennextjs/aws/dist/build/helper.js:191:25)\n' +
2026-04-06T12:38:25.162Z	      '    at createCacheAssets (file:///opt/buildhome/repo/node_modules/@opennextjs/aws/dist/build/createAssets.js:72:35)\n' +
2026-04-06T12:38:25.162Z	      '    at build (file:///opt/buildhome/repo/node_modules/@opennextjs/cloudflare/dist/cli/build/build.js:69:44)\n' +
2026-04-06T12:38:25.162Z	      '    at process.processTicksAndRejections (node:internal/process/task_queues:105:5)\n' +
2026-04-06T12:38:25.163Z	      '    at async buildCommand (file:///opt/buildhome/repo/node_modules/@opennextjs/cloudflare/dist/cli/commands/build.js:33:5) {\n' +
2026-04-06T12:38:25.164Z	      '  errno: -2,\n' +
2026-04-06T12:38:25.164Z	      "  code: 'ENOENT',\n" +
2026-04-06T12:38:25.164Z	      "  syscall: 'open',\n" +
2026-04-06T12:38:25.164Z	      "  path: '/opt/buildhome/repo/.next/standalone/.next/server/pages-manifest.json'\n" +
2026-04-06T12:38:25.164Z	      '}\n' +
2026-04-06T12:38:25.164Z	      '\n' +
2026-04-06T12:38:25.164Z	      'Node.js v22.16.0',
2026-04-06T12:38:25.164Z	    failed: true,
2026-04-06T12:38:25.164Z	    timedOut: false,
2026-04-06T12:38:25.164Z	    isCanceled: false,
2026-04-06T12:38:25.164Z	    killed: false
2026-04-06T12:38:25.164Z	  }
2026-04-06T12:38:25.164Z	
2026-04-06T12:38:25.164Z	
2026-04-06T12:38:25.165Z	✘ [ERROR] Running custom build `npx opennextjs-cloudflare build` failed. There are likely more logs from your build command above.
2026-04-06T12:38:25.165Z	
2026-04-06T12:38:25.165Z	
2026-04-06T12:38:25.165Z	
2026-04-06T12:38:25.165Z	Cloudflare collects anonymous telemetry about your usage of Wrangler. Learn more at https://github.com/cloudflare/workers-sdk/tree/main/packages/wrangler/telemetry.md
2026-04-06T12:38:25.165Z	
2026-04-06T12:38:25.180Z	🪵  Logs were written to "/opt/buildhome/.config/.wrangler/logs/wrangler-2026-04-06_12-37-27_959.log"
2026-04-06T12:38:25.224Z	Failed: error occurred while running deploy command